


ARM Macro Assembler    Page 1 


    1 00000000         
    2 00000000         ;*******************************************************
                       ********************************
    3 00000000         ; Amount of memory (in bytes) allocated for Stack and He
                       ap
    4 00000000         ; Tailor those values to your application needs         
                        
    5 00000000         ;*******************************************************
                       ********************************
    6 00000000 00000200 
                       Stack_Size
                               EQU              0x200
    7 00000000 00000200 
                       Heap_Size
                               EQU              0x200
    8 00000000         
    9 00000000         ;*******************************************************
                       ************************
   10 00000000         ; Allocate space for the Stack
   11 00000000         ;*******************************************************
                       ************************
   12 00000000                 AREA             STACK, NOINIT, READWRITE, ALIGN
=3
   13 00000000         
   14 00000000         Stack
   15 00000000                 SPACE            Stack_Size
   16 00000200         
   17 00000200         ;*******************************************************
                       ************************
   18 00000200         ; Allocate space for the Heap
   19 00000200         ;*******************************************************
                       ************************
   20 00000200                 AREA             HEAP, NOINIT, READWRITE, ALIGN=
3
   21 00000000         
   22 00000000         Heap
   23 00000000                 SPACE            Heap_Size
   24 00000200         
   25 00000200         ;*******************************************************
                       *************************
   26 00000200         ;*  Declarations for the interrupt handlers that are use
                       d by the application.                                   
                                                         
   27 00000200         ;*******************************************************
                       *************************
   28 00000200                 IMPORT           __main
   29 00000200         
   30 00000200                 IMPORT           OSPendSV
   31 00000200                 IMPORT           SysTickHandler
   32 00000200                 IMPORT           WWDG_IRQHandler
   33 00000200                 IMPORT           PVD_IRQHandler
   34 00000200                 IMPORT           TAMPER_IRQHandler
   35 00000200                 IMPORT           RTC_IRQHandler
   36 00000200                 IMPORT           FLASH_IRQHandler
   37 00000200                 IMPORT           RCC_IRQHandler
   38 00000200                 IMPORT           EXTI0_IRQHandler
   39 00000200                 IMPORT           EXTI1_IRQHandler
   40 00000200                 IMPORT           EXTI2_IRQHandler
   41 00000200                 IMPORT           EXTI3_IRQHandler



ARM Macro Assembler    Page 2 


   42 00000200                 IMPORT           EXTI4_IRQHandler
   43 00000200                 IMPORT           DMAChannel1_IRQHandler
   44 00000200                 IMPORT           DMAChannel2_IRQHandler
   45 00000200                 IMPORT           DMAChannel3_IRQHandler
   46 00000200                 IMPORT           DMAChannel4_IRQHandler
   47 00000200                 IMPORT           DMAChannel5_IRQHandler
   48 00000200                 IMPORT           DMAChannel6_IRQHandler
   49 00000200                 IMPORT           DMAChannel7_IRQHandler
   50 00000200                 IMPORT           ADC_IRQHandler
   51 00000200                 IMPORT           USB_HP_CAN_TX_IRQHandler
   52 00000200                 IMPORT           USB_LP_CAN_RX0_IRQHandler
   53 00000200                 IMPORT           CAN_RX1_IRQHandler
   54 00000200                 IMPORT           CAN_SCE_IRQHandler
   55 00000200                 IMPORT           EXTI9_5_IRQHandler
   56 00000200                 IMPORT           TIM1_BRK_IRQHandler
   57 00000200                 IMPORT           TIM1_UP_IRQHandler
   58 00000200                 IMPORT           TIM1_TRG_COM_IRQHandler
   59 00000200                 IMPORT           TIM1_CC_IRQHandler
   60 00000200                 IMPORT           TIM2_IRQHandler
   61 00000200                 IMPORT           TIM3_IRQHandler
   62 00000200                 IMPORT           TIM4_IRQHandler
   63 00000200                 IMPORT           I2C1_EV_IRQHandler
   64 00000200                 IMPORT           I2C1_ER_IRQHandler
   65 00000200                 IMPORT           I2C2_EV_IRQHandler
   66 00000200                 IMPORT           I2C2_ER_IRQHandler
   67 00000200                 IMPORT           SPI1_IRQHandler
   68 00000200                 IMPORT           SPI2_IRQHandler
   69 00000200                 IMPORT           USART1_IRQHandler
   70 00000200                 IMPORT           USART2_IRQHandler
   71 00000200                 IMPORT           USART3_IRQHandler
   72 00000200                 IMPORT           EXTI15_10_IRQHandler
   73 00000200                 IMPORT           RTCAlarm_IRQHandler
   74 00000200                 IMPORT           USBWakeUp_IRQHandler
   75 00000200         
   76 00000200         
   77 00000200         
   78 00000200                 PRESERVE8
   79 00000200         
   80 00000200         ;*******************************************************
                       ***************************
   81 00000200         ;*  Reset code section.                                 
                                                                               
                                         
   82 00000200         ;*******************************************************
                       ***************************
   83 00000200                 AREA             RESET, CODE, READONLY
   84 00000000                 THUMB
   85 00000000         
   86 00000000         ;*******************************************************
                       ************************
   87 00000000         ; Fill-up the Vector Table entries with the exceptions I
                       SR address
   88 00000000         ;*******************************************************
                       ************************
   89 00000000                 EXPORT           __Vectors
   90 00000000         __Vectors
   91 00000000 00000200        DCD              Stack + Stack_Size 
                                                            ; Top of Stack
   92 00000004 00000000        DCD              Reset_Handler



ARM Macro Assembler    Page 3 


   93 00000008 00000000        DCD              NMIException
   94 0000000C 00000000        DCD              HardFaultException
   95 00000010 00000000        DCD              MemManageException
   96 00000014 00000000        DCD              BusFaultException
   97 00000018 00000000        DCD              UsageFaultException
   98 0000001C 00000000        DCD              0           ; Reserved
   99 00000020 00000000        DCD              0           ; Reserved
  100 00000024 00000000        DCD              0           ; Reserved
  101 00000028 00000000        DCD              0           ; Reserved
  102 0000002C 00000000        DCD              SVCHandler
  103 00000030 00000000        DCD              DebugMonitor
  104 00000034 00000000        DCD              0           ; Reserved
  105 00000038 00000000        DCD              OSPendSV
  106 0000003C 00000000        DCD              SysTickHandler
  107 00000040 00000000        DCD              WWDG_IRQHandler
  108 00000044 00000000        DCD              PVD_IRQHandler
  109 00000048 00000000        DCD              TAMPER_IRQHandler
  110 0000004C 00000000        DCD              RTC_IRQHandler
  111 00000050 00000000        DCD              FLASH_IRQHandler
  112 00000054 00000000        DCD              RCC_IRQHandler
  113 00000058 00000000        DCD              EXTI0_IRQHandler
  114 0000005C 00000000        DCD              EXTI1_IRQHandler
  115 00000060 00000000        DCD              EXTI2_IRQHandler
  116 00000064 00000000        DCD              EXTI3_IRQHandler
  117 00000068 00000000        DCD              EXTI4_IRQHandler
  118 0000006C 00000000        DCD              DMAChannel1_IRQHandler
  119 00000070 00000000        DCD              DMAChannel2_IRQHandler
  120 00000074 00000000        DCD              DMAChannel3_IRQHandler
  121 00000078 00000000        DCD              DMAChannel4_IRQHandler
  122 0000007C 00000000        DCD              DMAChannel5_IRQHandler
  123 00000080 00000000        DCD              DMAChannel6_IRQHandler
  124 00000084 00000000        DCD              DMAChannel7_IRQHandler
  125 00000088 00000000        DCD              ADC_IRQHandler
  126 0000008C 00000000        DCD              USB_HP_CAN_TX_IRQHandler
  127 00000090 00000000        DCD              USB_LP_CAN_RX0_IRQHandler
  128 00000094 00000000        DCD              CAN_RX1_IRQHandler
  129 00000098 00000000        DCD              CAN_SCE_IRQHandler
  130 0000009C 00000000        DCD              EXTI9_5_IRQHandler
  131 000000A0 00000000        DCD              TIM1_BRK_IRQHandler
  132 000000A4 00000000        DCD              TIM1_UP_IRQHandler
  133 000000A8 00000000        DCD              TIM1_TRG_COM_IRQHandler
  134 000000AC 00000000        DCD              TIM1_CC_IRQHandler
  135 000000B0 00000000        DCD              TIM2_IRQHandler
  136 000000B4 00000000        DCD              TIM3_IRQHandler
  137 000000B8 00000000        DCD              TIM4_IRQHandler
  138 000000BC 00000000        DCD              I2C1_EV_IRQHandler
  139 000000C0 00000000        DCD              I2C1_ER_IRQHandler
  140 000000C4 00000000        DCD              I2C2_EV_IRQHandler
  141 000000C8 00000000        DCD              I2C2_ER_IRQHandler
  142 000000CC 00000000        DCD              SPI1_IRQHandler
  143 000000D0 00000000        DCD              SPI2_IRQHandler
  144 000000D4 00000000        DCD              USART1_IRQHandler
  145 000000D8 00000000        DCD              USART2_IRQHandler
  146 000000DC 00000000        DCD              USART3_IRQHandler
  147 000000E0 00000000        DCD              EXTI15_10_IRQHandler
  148 000000E4 00000000        DCD              RTCAlarm_IRQHandler
  149 000000E8 00000000        DCD              USBWakeUp_IRQHandler
  150 000000EC 00000000        DCD              0           ; Reserved
  151 000000F0 00000000        DCD              0           ; Reserved



ARM Macro Assembler    Page 4 


  152 000000F4 00000000        DCD              0           ; Reserved
  153 000000F8 00000000        DCD              0           ; Reserved
  154 000000FC 00000000        DCD              0           ; Reserved
  155 00000100         
  156 00000100         ;*******************************************************
                       ***********************************
  157 00000100         ;*  Reset entry
  158 00000100         ;*******************************************************
                       ***********************************
  159 00000100                 EXPORT           Reset_Handler
  160 00000100         Reset_Handler
  161 00000100                 IMPORT           __main
  162 00000100 4804            LDR              R0, =__main
  163 00000102 4700            BX               R0
  164 00000104         
  165 00000104         
  166 00000104         ;*******************************************************
                       ***********************************
  167 00000104         ;*  NMI exception handler. 
  168 00000104         ;*  It simply enters an infinite loop.
  169 00000104         ;*******************************************************
                       ***********************************
  170 00000104         NMIException
  171 00000104 E7FE            B                NMIException
  172 00000106         
  173 00000106         
  174 00000106         ;*******************************************************
                       ***********************************
  175 00000106         ;*  Fault interrupt handler. 
  176 00000106         ;*  It simply enters an infinite loop.
  177 00000106         ;*******************************************************
                       ***********************************
  178 00000106         HardFaultException
  179 00000106 E7FE            B                HardFaultException
  180 00000108         
  181 00000108         ;*******************************************************
                       ***********************************
  182 00000108         ;*  MemManage interrupt handler. 
  183 00000108         ;*  It simply enters an infinite loop.
  184 00000108         ;*******************************************************
                       ***********************************
  185 00000108         MemManageException
  186 00000108 E7FE            B                MemManageException
  187 0000010A         
  188 0000010A         ;*******************************************************
                       ***********************************
  189 0000010A         ;*  Bus Fault interrupt handler. 
  190 0000010A         ;*  It simply enters an infinite loop.
  191 0000010A         ;*******************************************************
                       ***********************************
  192 0000010A         BusFaultException
  193 0000010A E7FE            B                BusFaultException
  194 0000010C         
  195 0000010C         ;*******************************************************
                       ***********************************
  196 0000010C         ;*  UsageFault interrupt handler. 
  197 0000010C         ;*  It simply enters an infinite loop.
  198 0000010C         ;*******************************************************
                       ***********************************



ARM Macro Assembler    Page 5 


  199 0000010C         UsageFaultException
  200 0000010C E7FE            B                UsageFaultException
  201 0000010E         
  202 0000010E         ;*******************************************************
                       ***********************************
  203 0000010E         ;*  DebugMonitor interrupt handler. 
  204 0000010E         ;*  It simply enters an infinite loop.
  205 0000010E         ;*******************************************************
                       ***********************************
  206 0000010E         DebugMonitor
  207 0000010E E7FE            B                DebugMonitor
  208 00000110         
  209 00000110         ;*******************************************************
                       ***********************************
  210 00000110         ;*  SVCall interrupt handler. 
  211 00000110         ;*  It simply enters an infinite loop.
  212 00000110         ;*******************************************************
                       ***********************************
  213 00000110         SVCHandler
  214 00000110 E7FE            B                SVCHandler
  215 00000112         
  216 00000112         
  217 00000112         
  218 00000112         ;*******************************************************
                       ************************************
  219 00000112         ;*  Make sure the end of this section is aligned.
  220 00000112         ;*******************************************************
                       ************************************
  221 00000112 00 00           ALIGN
  222 00000114         
  223 00000114         
  224 00000114         ;*******************************************************
                       *************************************
  225 00000114         ;*  Code section for initializing the heap and stack    
                                                                               
                                                                     
  226 00000114         ;*******************************************************
                       *************************************
  227 00000114 00000000        AREA             |.text|, CODE, READONLY
  228 00000000         
  229 00000000         
  230 00000000         ;*******************************************************
                       *************************************
  231 00000000         ;*  The function expected of the C library startup 
  232 00000000         ;*  code for defining the stack and heap memory location
                       s. 
  233 00000000         ;*******************************************************
                       *************************************
  234 00000000                 IMPORT           __use_two_region_memory
  235 00000000                 EXPORT           __user_initial_stackheap
  236 00000000         __user_initial_stackheap
  237 00000000 4802            LDR              R0, =Heap
  238 00000002 4903            LDR              R1, =(Stack + Stack_Size)
  239 00000004 4A03            LDR              R2, =(Heap + Heap_Size)
  240 00000006 4B04            LDR              R3, =Stack
  241 00000008 4770            BX               LR
  242 0000000A         
  243 0000000A         ;*******************************************************
                       ***********************************



ARM Macro Assembler    Page 6 


  244 0000000A         ;*  Make sure the end of this section is aligned.
  245 0000000A         ;*******************************************************
                       ***********************************
  246 0000000A 00 00           ALIGN
  247 0000000C         
  248 0000000C         
  249 0000000C         ;*******************************************************
                       ************************************
  250 0000000C         ;*  End Of File                                         
                                   
  251 0000000C         ;*******************************************************
                       ************************************
  252 0000000C                 END
              00000000 
              00000200 
              00000200 
              00000000 
Command Line: --debug --dwarf2 --xref --cpu=Cortex-M3 --apcs=interwork/interwor
k -o.\uCOSDemo_0x40000\stm32f10x_startup.o -IH:\Kei\ARM\CMSIS\Include -IH:\Kei\
ARM\INC\ST\STM32F10x --list=.\uCOSDemo_0x40000\stm32f10x_startup.lst .\Source\S
tartup\stm32f10x_startup.s



ARM Macro Assembler    Page 1 Alphabetic symbol ordering
Relocatable symbols

STACK 00000000

Symbol: STACK
   Definitions
      At line 12 in file .\Source\Startup\stm32f10x_startup.s
   Uses
      None
Comment: STACK unused
Stack 00000000

Symbol: Stack
   Definitions
      At line 14 in file .\Source\Startup\stm32f10x_startup.s
   Uses
      At line 91 in file .\Source\Startup\stm32f10x_startup.s
      At line 238 in file .\Source\Startup\stm32f10x_startup.s
      At line 240 in file .\Source\Startup\stm32f10x_startup.s

2 symbols



ARM Macro Assembler    Page 1 Alphabetic symbol ordering
Relocatable symbols

HEAP 00000000

Symbol: HEAP
   Definitions
      At line 20 in file .\Source\Startup\stm32f10x_startup.s
   Uses
      None
Comment: HEAP unused
Heap 00000000

Symbol: Heap
   Definitions
      At line 22 in file .\Source\Startup\stm32f10x_startup.s
   Uses
      At line 237 in file .\Source\Startup\stm32f10x_startup.s
      At line 239 in file .\Source\Startup\stm32f10x_startup.s

2 symbols



ARM Macro Assembler    Page 1 Alphabetic symbol ordering
Relocatable symbols

BusFaultException 0000010A

Symbol: BusFaultException
   Definitions
      At line 192 in file .\Source\Startup\stm32f10x_startup.s
   Uses
      At line 96 in file .\Source\Startup\stm32f10x_startup.s
      At line 193 in file .\Source\Startup\stm32f10x_startup.s

DebugMonitor 0000010E

Symbol: DebugMonitor
   Definitions
      At line 206 in file .\Source\Startup\stm32f10x_startup.s
   Uses
      At line 103 in file .\Source\Startup\stm32f10x_startup.s
      At line 207 in file .\Source\Startup\stm32f10x_startup.s

HardFaultException 00000106

Symbol: HardFaultException
   Definitions
      At line 178 in file .\Source\Startup\stm32f10x_startup.s
   Uses
      At line 94 in file .\Source\Startup\stm32f10x_startup.s
      At line 179 in file .\Source\Startup\stm32f10x_startup.s

MemManageException 00000108

Symbol: MemManageException
   Definitions
      At line 185 in file .\Source\Startup\stm32f10x_startup.s
   Uses
      At line 95 in file .\Source\Startup\stm32f10x_startup.s
      At line 186 in file .\Source\Startup\stm32f10x_startup.s

NMIException 00000104

Symbol: NMIException
   Definitions
      At line 170 in file .\Source\Startup\stm32f10x_startup.s
   Uses
      At line 93 in file .\Source\Startup\stm32f10x_startup.s
      At line 171 in file .\Source\Startup\stm32f10x_startup.s

RESET 00000000

Symbol: RESET
   Definitions
      At line 83 in file .\Source\Startup\stm32f10x_startup.s
   Uses
      None
Comment: RESET unused
Reset_Handler 00000100

Symbol: Reset_Handler
   Definitions
      At line 160 in file .\Source\Startup\stm32f10x_startup.s
   Uses



ARM Macro Assembler    Page 2 Alphabetic symbol ordering
Relocatable symbols

      At line 92 in file .\Source\Startup\stm32f10x_startup.s
      At line 159 in file .\Source\Startup\stm32f10x_startup.s

SVCHandler 00000110

Symbol: SVCHandler
   Definitions
      At line 213 in file .\Source\Startup\stm32f10x_startup.s
   Uses
      At line 102 in file .\Source\Startup\stm32f10x_startup.s
      At line 214 in file .\Source\Startup\stm32f10x_startup.s

UsageFaultException 0000010C

Symbol: UsageFaultException
   Definitions
      At line 199 in file .\Source\Startup\stm32f10x_startup.s
   Uses
      At line 97 in file .\Source\Startup\stm32f10x_startup.s
      At line 200 in file .\Source\Startup\stm32f10x_startup.s

__Vectors 00000000

Symbol: __Vectors
   Definitions
      At line 90 in file .\Source\Startup\stm32f10x_startup.s
   Uses
      At line 89 in file .\Source\Startup\stm32f10x_startup.s
Comment: __Vectors used once
10 symbols



ARM Macro Assembler    Page 1 Alphabetic symbol ordering
Relocatable symbols

.text 00000000

Symbol: .text
   Definitions
      At line 227 in file .\Source\Startup\stm32f10x_startup.s
   Uses
      None
Comment: .text unused
__user_initial_stackheap 00000000

Symbol: __user_initial_stackheap
   Definitions
      At line 236 in file .\Source\Startup\stm32f10x_startup.s
   Uses
      At line 235 in file .\Source\Startup\stm32f10x_startup.s
Comment: __user_initial_stackheap used once
2 symbols



ARM Macro Assembler    Page 1 Alphabetic symbol ordering
Absolute symbols

Heap_Size 00000200

Symbol: Heap_Size
   Definitions
      At line 7 in file .\Source\Startup\stm32f10x_startup.s
   Uses
      At line 23 in file .\Source\Startup\stm32f10x_startup.s
      At line 239 in file .\Source\Startup\stm32f10x_startup.s

Stack_Size 00000200

Symbol: Stack_Size
   Definitions
      At line 6 in file .\Source\Startup\stm32f10x_startup.s
   Uses
      At line 15 in file .\Source\Startup\stm32f10x_startup.s
      At line 91 in file .\Source\Startup\stm32f10x_startup.s
      At line 238 in file .\Source\Startup\stm32f10x_startup.s

2 symbols



ARM Macro Assembler    Page 1 Alphabetic symbol ordering
External symbols

ADC_IRQHandler 00000000

Symbol: ADC_IRQHandler
   Definitions
      At line 50 in file .\Source\Startup\stm32f10x_startup.s
   Uses
      At line 125 in file .\Source\Startup\stm32f10x_startup.s
Comment: ADC_IRQHandler used once
CAN_RX1_IRQHandler 00000000

Symbol: CAN_RX1_IRQHandler
   Definitions
      At line 53 in file .\Source\Startup\stm32f10x_startup.s
   Uses
      At line 128 in file .\Source\Startup\stm32f10x_startup.s
Comment: CAN_RX1_IRQHandler used once
CAN_SCE_IRQHandler 00000000

Symbol: CAN_SCE_IRQHandler
   Definitions
      At line 54 in file .\Source\Startup\stm32f10x_startup.s
   Uses
      At line 129 in file .\Source\Startup\stm32f10x_startup.s
Comment: CAN_SCE_IRQHandler used once
DMAChannel1_IRQHandler 00000000

Symbol: DMAChannel1_IRQHandler
   Definitions
      At line 43 in file .\Source\Startup\stm32f10x_startup.s
   Uses
      At line 118 in file .\Source\Startup\stm32f10x_startup.s
Comment: DMAChannel1_IRQHandler used once
DMAChannel2_IRQHandler 00000000

Symbol: DMAChannel2_IRQHandler
   Definitions
      At line 44 in file .\Source\Startup\stm32f10x_startup.s
   Uses
      At line 119 in file .\Source\Startup\stm32f10x_startup.s
Comment: DMAChannel2_IRQHandler used once
DMAChannel3_IRQHandler 00000000

Symbol: DMAChannel3_IRQHandler
   Definitions
      At line 45 in file .\Source\Startup\stm32f10x_startup.s
   Uses
      At line 120 in file .\Source\Startup\stm32f10x_startup.s
Comment: DMAChannel3_IRQHandler used once
DMAChannel4_IRQHandler 00000000

Symbol: DMAChannel4_IRQHandler
   Definitions
      At line 46 in file .\Source\Startup\stm32f10x_startup.s
   Uses
      At line 121 in file .\Source\Startup\stm32f10x_startup.s
Comment: DMAChannel4_IRQHandler used once
DMAChannel5_IRQHandler 00000000

Symbol: DMAChannel5_IRQHandler



ARM Macro Assembler    Page 2 Alphabetic symbol ordering
External symbols

   Definitions
      At line 47 in file .\Source\Startup\stm32f10x_startup.s
   Uses
      At line 122 in file .\Source\Startup\stm32f10x_startup.s
Comment: DMAChannel5_IRQHandler used once
DMAChannel6_IRQHandler 00000000

Symbol: DMAChannel6_IRQHandler
   Definitions
      At line 48 in file .\Source\Startup\stm32f10x_startup.s
   Uses
      At line 123 in file .\Source\Startup\stm32f10x_startup.s
Comment: DMAChannel6_IRQHandler used once
DMAChannel7_IRQHandler 00000000

Symbol: DMAChannel7_IRQHandler
   Definitions
      At line 49 in file .\Source\Startup\stm32f10x_startup.s
   Uses
      At line 124 in file .\Source\Startup\stm32f10x_startup.s
Comment: DMAChannel7_IRQHandler used once
EXTI0_IRQHandler 00000000

Symbol: EXTI0_IRQHandler
   Definitions
      At line 38 in file .\Source\Startup\stm32f10x_startup.s
   Uses
      At line 113 in file .\Source\Startup\stm32f10x_startup.s
Comment: EXTI0_IRQHandler used once
EXTI15_10_IRQHandler 00000000

Symbol: EXTI15_10_IRQHandler
   Definitions
      At line 72 in file .\Source\Startup\stm32f10x_startup.s
   Uses
      At line 147 in file .\Source\Startup\stm32f10x_startup.s
Comment: EXTI15_10_IRQHandler used once
EXTI1_IRQHandler 00000000

Symbol: EXTI1_IRQHandler
   Definitions
      At line 39 in file .\Source\Startup\stm32f10x_startup.s
   Uses
      At line 114 in file .\Source\Startup\stm32f10x_startup.s
Comment: EXTI1_IRQHandler used once
EXTI2_IRQHandler 00000000

Symbol: EXTI2_IRQHandler
   Definitions
      At line 40 in file .\Source\Startup\stm32f10x_startup.s
   Uses
      At line 115 in file .\Source\Startup\stm32f10x_startup.s
Comment: EXTI2_IRQHandler used once
EXTI3_IRQHandler 00000000

Symbol: EXTI3_IRQHandler
   Definitions
      At line 41 in file .\Source\Startup\stm32f10x_startup.s
   Uses



ARM Macro Assembler    Page 3 Alphabetic symbol ordering
External symbols

      At line 116 in file .\Source\Startup\stm32f10x_startup.s
Comment: EXTI3_IRQHandler used once
EXTI4_IRQHandler 00000000

Symbol: EXTI4_IRQHandler
   Definitions
      At line 42 in file .\Source\Startup\stm32f10x_startup.s
   Uses
      At line 117 in file .\Source\Startup\stm32f10x_startup.s
Comment: EXTI4_IRQHandler used once
EXTI9_5_IRQHandler 00000000

Symbol: EXTI9_5_IRQHandler
   Definitions
      At line 55 in file .\Source\Startup\stm32f10x_startup.s
   Uses
      At line 130 in file .\Source\Startup\stm32f10x_startup.s
Comment: EXTI9_5_IRQHandler used once
FLASH_IRQHandler 00000000

Symbol: FLASH_IRQHandler
   Definitions
      At line 36 in file .\Source\Startup\stm32f10x_startup.s
   Uses
      At line 111 in file .\Source\Startup\stm32f10x_startup.s
Comment: FLASH_IRQHandler used once
I2C1_ER_IRQHandler 00000000

Symbol: I2C1_ER_IRQHandler
   Definitions
      At line 64 in file .\Source\Startup\stm32f10x_startup.s
   Uses
      At line 139 in file .\Source\Startup\stm32f10x_startup.s
Comment: I2C1_ER_IRQHandler used once
I2C1_EV_IRQHandler 00000000

Symbol: I2C1_EV_IRQHandler
   Definitions
      At line 63 in file .\Source\Startup\stm32f10x_startup.s
   Uses
      At line 138 in file .\Source\Startup\stm32f10x_startup.s
Comment: I2C1_EV_IRQHandler used once
I2C2_ER_IRQHandler 00000000

Symbol: I2C2_ER_IRQHandler
   Definitions
      At line 66 in file .\Source\Startup\stm32f10x_startup.s
   Uses
      At line 141 in file .\Source\Startup\stm32f10x_startup.s
Comment: I2C2_ER_IRQHandler used once
I2C2_EV_IRQHandler 00000000

Symbol: I2C2_EV_IRQHandler
   Definitions
      At line 65 in file .\Source\Startup\stm32f10x_startup.s
   Uses
      At line 140 in file .\Source\Startup\stm32f10x_startup.s
Comment: I2C2_EV_IRQHandler used once
OSPendSV 00000000



ARM Macro Assembler    Page 4 Alphabetic symbol ordering
External symbols


Symbol: OSPendSV
   Definitions
      At line 30 in file .\Source\Startup\stm32f10x_startup.s
   Uses
      At line 105 in file .\Source\Startup\stm32f10x_startup.s
Comment: OSPendSV used once
PVD_IRQHandler 00000000

Symbol: PVD_IRQHandler
   Definitions
      At line 33 in file .\Source\Startup\stm32f10x_startup.s
   Uses
      At line 108 in file .\Source\Startup\stm32f10x_startup.s
Comment: PVD_IRQHandler used once
RCC_IRQHandler 00000000

Symbol: RCC_IRQHandler
   Definitions
      At line 37 in file .\Source\Startup\stm32f10x_startup.s
   Uses
      At line 112 in file .\Source\Startup\stm32f10x_startup.s
Comment: RCC_IRQHandler used once
RTCAlarm_IRQHandler 00000000

Symbol: RTCAlarm_IRQHandler
   Definitions
      At line 73 in file .\Source\Startup\stm32f10x_startup.s
   Uses
      At line 148 in file .\Source\Startup\stm32f10x_startup.s
Comment: RTCAlarm_IRQHandler used once
RTC_IRQHandler 00000000

Symbol: RTC_IRQHandler
   Definitions
      At line 35 in file .\Source\Startup\stm32f10x_startup.s
   Uses
      At line 110 in file .\Source\Startup\stm32f10x_startup.s
Comment: RTC_IRQHandler used once
SPI1_IRQHandler 00000000

Symbol: SPI1_IRQHandler
   Definitions
      At line 67 in file .\Source\Startup\stm32f10x_startup.s
   Uses
      At line 142 in file .\Source\Startup\stm32f10x_startup.s
Comment: SPI1_IRQHandler used once
SPI2_IRQHandler 00000000

Symbol: SPI2_IRQHandler
   Definitions
      At line 68 in file .\Source\Startup\stm32f10x_startup.s
   Uses
      At line 143 in file .\Source\Startup\stm32f10x_startup.s
Comment: SPI2_IRQHandler used once
SysTickHandler 00000000

Symbol: SysTickHandler
   Definitions



ARM Macro Assembler    Page 5 Alphabetic symbol ordering
External symbols

      At line 31 in file .\Source\Startup\stm32f10x_startup.s
   Uses
      At line 106 in file .\Source\Startup\stm32f10x_startup.s
Comment: SysTickHandler used once
TAMPER_IRQHandler 00000000

Symbol: TAMPER_IRQHandler
   Definitions
      At line 34 in file .\Source\Startup\stm32f10x_startup.s
   Uses
      At line 109 in file .\Source\Startup\stm32f10x_startup.s
Comment: TAMPER_IRQHandler used once
TIM1_BRK_IRQHandler 00000000

Symbol: TIM1_BRK_IRQHandler
   Definitions
      At line 56 in file .\Source\Startup\stm32f10x_startup.s
   Uses
      At line 131 in file .\Source\Startup\stm32f10x_startup.s
Comment: TIM1_BRK_IRQHandler used once
TIM1_CC_IRQHandler 00000000

Symbol: TIM1_CC_IRQHandler
   Definitions
      At line 59 in file .\Source\Startup\stm32f10x_startup.s
   Uses
      At line 134 in file .\Source\Startup\stm32f10x_startup.s
Comment: TIM1_CC_IRQHandler used once
TIM1_TRG_COM_IRQHandler 00000000

Symbol: TIM1_TRG_COM_IRQHandler
   Definitions
      At line 58 in file .\Source\Startup\stm32f10x_startup.s
   Uses
      At line 133 in file .\Source\Startup\stm32f10x_startup.s
Comment: TIM1_TRG_COM_IRQHandler used once
TIM1_UP_IRQHandler 00000000

Symbol: TIM1_UP_IRQHandler
   Definitions
      At line 57 in file .\Source\Startup\stm32f10x_startup.s
   Uses
      At line 132 in file .\Source\Startup\stm32f10x_startup.s
Comment: TIM1_UP_IRQHandler used once
TIM2_IRQHandler 00000000

Symbol: TIM2_IRQHandler
   Definitions
      At line 60 in file .\Source\Startup\stm32f10x_startup.s
   Uses
      At line 135 in file .\Source\Startup\stm32f10x_startup.s
Comment: TIM2_IRQHandler used once
TIM3_IRQHandler 00000000

Symbol: TIM3_IRQHandler
   Definitions
      At line 61 in file .\Source\Startup\stm32f10x_startup.s
   Uses
      At line 136 in file .\Source\Startup\stm32f10x_startup.s



ARM Macro Assembler    Page 6 Alphabetic symbol ordering
External symbols

Comment: TIM3_IRQHandler used once
TIM4_IRQHandler 00000000

Symbol: TIM4_IRQHandler
   Definitions
      At line 62 in file .\Source\Startup\stm32f10x_startup.s
   Uses
      At line 137 in file .\Source\Startup\stm32f10x_startup.s
Comment: TIM4_IRQHandler used once
USART1_IRQHandler 00000000

Symbol: USART1_IRQHandler
   Definitions
      At line 69 in file .\Source\Startup\stm32f10x_startup.s
   Uses
      At line 144 in file .\Source\Startup\stm32f10x_startup.s
Comment: USART1_IRQHandler used once
USART2_IRQHandler 00000000

Symbol: USART2_IRQHandler
   Definitions
      At line 70 in file .\Source\Startup\stm32f10x_startup.s
   Uses
      At line 145 in file .\Source\Startup\stm32f10x_startup.s
Comment: USART2_IRQHandler used once
USART3_IRQHandler 00000000

Symbol: USART3_IRQHandler
   Definitions
      At line 71 in file .\Source\Startup\stm32f10x_startup.s
   Uses
      At line 146 in file .\Source\Startup\stm32f10x_startup.s
Comment: USART3_IRQHandler used once
USBWakeUp_IRQHandler 00000000

Symbol: USBWakeUp_IRQHandler
   Definitions
      At line 74 in file .\Source\Startup\stm32f10x_startup.s
   Uses
      At line 149 in file .\Source\Startup\stm32f10x_startup.s
Comment: USBWakeUp_IRQHandler used once
USB_HP_CAN_TX_IRQHandler 00000000

Symbol: USB_HP_CAN_TX_IRQHandler
   Definitions
      At line 51 in file .\Source\Startup\stm32f10x_startup.s
   Uses
      At line 126 in file .\Source\Startup\stm32f10x_startup.s
Comment: USB_HP_CAN_TX_IRQHandler used once
USB_LP_CAN_RX0_IRQHandler 00000000

Symbol: USB_LP_CAN_RX0_IRQHandler
   Definitions
      At line 52 in file .\Source\Startup\stm32f10x_startup.s
   Uses
      At line 127 in file .\Source\Startup\stm32f10x_startup.s
Comment: USB_LP_CAN_RX0_IRQHandler used once
WWDG_IRQHandler 00000000




ARM Macro Assembler    Page 7 Alphabetic symbol ordering
External symbols

Symbol: WWDG_IRQHandler
   Definitions
      At line 32 in file .\Source\Startup\stm32f10x_startup.s
   Uses
      At line 107 in file .\Source\Startup\stm32f10x_startup.s
Comment: WWDG_IRQHandler used once
__main 00000000

Symbol: __main
   Definitions
      At line 28 in file .\Source\Startup\stm32f10x_startup.s
      At line 161 in file .\Source\Startup\stm32f10x_startup.s
   Uses
      At line 162 in file .\Source\Startup\stm32f10x_startup.s
Warning: __main multiply definedComment: __main used once
__use_two_region_memory 00000000

Symbol: __use_two_region_memory
   Definitions
      At line 234 in file .\Source\Startup\stm32f10x_startup.s
   Uses
      None
Comment: __use_two_region_memory unused
47 symbols
399 symbols in table
